<?xml version="1.0" encoding="UTF-8"?>
<!-- Generated by org.testng.reporters.JUnitReportReporter -->
<testsuite hostname="USER-PC" failures="0" tests="3" name="seleniumtest.TestNGsample" time="0.018" errors="0" timestamp="2024-10-11T12:52:41 IST" skipped="0">
  <testcase classname="seleniumtest.TestNGsample" name="thirdtestcase" time="0.002"/>
  <testcase classname="seleniumtest.TestNGsample" name="secondtestcase" time="0.002"/>
  <testcase classname="seleniumtest.TestNGsample" name="firsttestcase" time="0.014"/>
</testsuite> <!-- seleniumtest.TestNGsample -->
