<?xml version="1.0" encoding="UTF-8"?>
<!-- Generated by org.testng.reporters.JUnitReportReporter -->
<testsuite hostname="USER-PC" failures="0" tests="3" name="seleniumtest.TestNGpriority" time="0.021" errors="0" timestamp="2024-10-11T13:01:08 IST" skipped="0">
  <testcase classname="seleniumtest.TestNGpriority" name="Installeclipse" time="0.016"/>
  <testcase classname="seleniumtest.TestNGpriority" name="Addmavendependency" time="0.003"/>
  <testcase classname="seleniumtest.TestNGpriority" name="AddtestNG" time="0.002"/>
</testsuite> <!-- seleniumtest.TestNGpriority -->
